2024-05-27T16:58:41.678+09:00  INFO 9936 --- [main] c.p.chatfiabe.ChatfiaBeApplication       : Starting ChatfiaBeApplication using Java 17.0.9 with PID 9936 (/Users/hyun/Desktop/chatfia-be/build/classes/java/main started by hyun in /Users/hyun/Desktop/chatfia-be)
2024-05-27T16:58:41.681+09:00  INFO 9936 --- [main] c.p.chatfiabe.ChatfiaBeApplication       : No active profile set, falling back to 1 default profile: "default"
2024-05-27T16:58:42.273+09:00  INFO 9936 --- [main] .s.d.r.c.RepositoryConfigurationDelegate : Bootstrapping Spring Data JPA repositories in DEFAULT mode.
2024-05-27T16:58:42.335+09:00  INFO 9936 --- [main] .s.d.r.c.RepositoryConfigurationDelegate : Finished Spring Data repository scanning in 56 ms. Found 5 JPA repository interfaces.
2024-05-27T16:58:42.766+09:00  INFO 9936 --- [main] o.s.b.w.embedded.tomcat.TomcatWebServer  : Tomcat initialized with port 8080 (http)
2024-05-27T16:58:42.777+09:00  INFO 9936 --- [main] o.apache.catalina.core.StandardService   : Starting service [Tomcat]
2024-05-27T16:58:42.777+09:00  INFO 9936 --- [main] o.apache.catalina.core.StandardEngine    : Starting Servlet engine: [Apache Tomcat/10.1.19]
2024-05-27T16:58:42.822+09:00  INFO 9936 --- [main] o.a.c.c.C.[Tomcat].[localhost].[/]       : Initializing Spring embedded WebApplicationContext
2024-05-27T16:58:42.822+09:00  INFO 9936 --- [main] w.s.c.ServletWebServerApplicationContext : Root WebApplicationContext: initialization completed in 1106 ms
2024-05-27T16:58:42.954+09:00  INFO 9936 --- [main] o.hibernate.jpa.internal.util.LogHelper  : HHH000204: Processing PersistenceUnitInfo [name: default]
2024-05-27T16:58:43.067+09:00  INFO 9936 --- [main] org.hibernate.Version                    : HHH000412: Hibernate ORM core version 6.4.4.Final
2024-05-27T16:58:43.101+09:00  INFO 9936 --- [main] o.h.c.internal.RegionFactoryInitiator    : HHH000026: Second-level cache disabled
2024-05-27T16:58:43.318+09:00  INFO 9936 --- [main] o.s.o.j.p.SpringPersistenceUnitInfo      : No LoadTimeWeaver setup: ignoring JPA class transformer
2024-05-27T16:58:43.343+09:00  INFO 9936 --- [main] com.zaxxer.hikari.HikariDataSource       : HikariPool-1 - Starting...
2024-05-27T16:58:43.707+09:00  INFO 9936 --- [main] com.zaxxer.hikari.pool.HikariPool        : HikariPool-1 - Added connection com.mysql.cj.jdbc.ConnectionImpl@1c18ee69
2024-05-27T16:58:43.709+09:00  INFO 9936 --- [main] com.zaxxer.hikari.HikariDataSource       : HikariPool-1 - Start completed.
2024-05-27T16:58:44.602+09:00  INFO 9936 --- [main] o.h.e.t.j.p.i.JtaPlatformInitiator       : HHH000489: No JTA platform available (set 'hibernate.transaction.jta.platform' to enable JTA platform integration)
2024-05-27T16:58:45.304+09:00  INFO 9936 --- [main] j.LocalContainerEntityManagerFactoryBean : Initialized JPA EntityManagerFactory for persistence unit 'default'
2024-05-27T16:58:45.764+09:00  WARN 9936 --- [main] JpaBaseConfiguration$JpaWebConfiguration : spring.jpa.open-in-view is enabled by default. Therefore, database queries may be performed during view rendering. Explicitly configure spring.jpa.open-in-view to disable this warning
2024-05-27T16:58:45.974+09:00  INFO 9936 --- [main] o.s.s.web.DefaultSecurityFilterChain     : Will secure any request with [org.springframework.security.web.session.DisableEncodeUrlFilter@79f82fc4, org.springframework.security.web.context.request.async.WebAsyncManagerIntegrationFilter@554db19d, org.springframework.security.web.context.SecurityContextHolderFilter@6137dc84, org.springframework.security.web.header.HeaderWriterFilter@834b0f7, org.springframework.web.filter.CorsFilter@bb896e9, org.springframework.security.web.authentication.logout.LogoutFilter@7715d43c, com.project.chatfiabe.domain.user.security.JwtAuthorizationFilter@6e70861, com.project.chatfiabe.domain.user.security.JwtAuthenticationFilter@6fc03cf6, org.springframework.security.web.savedrequest.RequestCacheAwareFilter@32f243f, org.springframework.security.web.servletapi.SecurityContextHolderAwareRequestFilter@7aa5292d, org.springframework.security.web.authentication.AnonymousAuthenticationFilter@4fe4b8b6, org.springframework.security.web.session.SessionManagementFilter@49314684, org.springframework.security.web.access.ExceptionTranslationFilter@27d4513e, org.springframework.security.web.access.intercept.AuthorizationFilter@5bdef8ee]
2024-05-27T16:58:46.175+09:00  INFO 9936 --- [main] o.s.b.w.embedded.tomcat.TomcatWebServer  : Tomcat started on port 8080 (http) with context path ''
2024-05-27T16:58:46.184+09:00  INFO 9936 --- [main] c.p.chatfiabe.ChatfiaBeApplication       : Started ChatfiaBeApplication in 4.904 seconds (process running for 5.465)
2024-05-27T16:58:50.179+09:00  INFO 9936 --- [SpringApplicationShutdownHook] j.LocalContainerEntityManagerFactoryBean : Closing JPA EntityManagerFactory for persistence unit 'default'
2024-05-27T16:58:50.180+09:00  INFO 9936 --- [SpringApplicationShutdownHook] com.zaxxer.hikari.HikariDataSource       : HikariPool-1 - Shutdown initiated...
2024-05-27T16:58:50.248+09:00  INFO 9936 --- [SpringApplicationShutdownHook] com.zaxxer.hikari.HikariDataSource       : HikariPool-1 - Shutdown completed.
2024-05-27T20:22:15.315+09:00  INFO 20476 --- [Test worker] c.p.chatfiabe.ChatfiaBeApplicationTests  : Starting ChatfiaBeApplicationTests using Java 17.0.9 with PID 20476 (started by hyun in /Users/hyun/Desktop/chatfia-be)
2024-05-27T20:22:15.317+09:00  INFO 20476 --- [Test worker] c.p.chatfiabe.ChatfiaBeApplicationTests  : No active profile set, falling back to 1 default profile: "default"
2024-05-27T20:22:15.847+09:00  INFO 20476 --- [Test worker] .s.d.r.c.RepositoryConfigurationDelegate : Bootstrapping Spring Data JPA repositories in DEFAULT mode.
2024-05-27T20:22:15.901+09:00  INFO 20476 --- [Test worker] .s.d.r.c.RepositoryConfigurationDelegate : Finished Spring Data repository scanning in 48 ms. Found 5 JPA repository interfaces.
2024-05-27T20:22:16.274+09:00  INFO 20476 --- [Test worker] o.hibernate.jpa.internal.util.LogHelper  : HHH000204: Processing PersistenceUnitInfo [name: default]
2024-05-27T20:22:16.313+09:00  INFO 20476 --- [Test worker] org.hibernate.Version                    : HHH000412: Hibernate ORM core version 6.4.4.Final
2024-05-27T20:22:16.343+09:00  INFO 20476 --- [Test worker] o.h.c.internal.RegionFactoryInitiator    : HHH000026: Second-level cache disabled
2024-05-27T20:22:16.518+09:00  INFO 20476 --- [Test worker] o.s.o.j.p.SpringPersistenceUnitInfo      : No LoadTimeWeaver setup: ignoring JPA class transformer
2024-05-27T20:22:16.540+09:00  INFO 20476 --- [Test worker] com.zaxxer.hikari.HikariDataSource       : HikariPool-1 - Starting...
2024-05-27T20:22:17.041+09:00  INFO 20476 --- [Test worker] com.zaxxer.hikari.pool.HikariPool        : HikariPool-1 - Added connection com.mysql.cj.jdbc.ConnectionImpl@118a4d5
2024-05-27T20:22:17.044+09:00  INFO 20476 --- [Test worker] com.zaxxer.hikari.HikariDataSource       : HikariPool-1 - Start completed.
2024-05-27T20:22:17.904+09:00  INFO 20476 --- [Test worker] o.h.e.t.j.p.i.JtaPlatformInitiator       : HHH000489: No JTA platform available (set 'hibernate.transaction.jta.platform' to enable JTA platform integration)
2024-05-27T20:22:18.139+09:00  INFO 20476 --- [Test worker] j.LocalContainerEntityManagerFactoryBean : Initialized JPA EntityManagerFactory for persistence unit 'default'
2024-05-27T20:22:18.566+09:00  WARN 20476 --- [Test worker] JpaBaseConfiguration$JpaWebConfiguration : spring.jpa.open-in-view is enabled by default. Therefore, database queries may be performed during view rendering. Explicitly configure spring.jpa.open-in-view to disable this warning
2024-05-27T20:22:18.822+09:00  INFO 20476 --- [Test worker] o.s.s.web.DefaultSecurityFilterChain     : Will secure any request with [org.springframework.security.web.session.DisableEncodeUrlFilter@6f45a2fd, org.springframework.security.web.context.request.async.WebAsyncManagerIntegrationFilter@6792aa3e, org.springframework.security.web.context.SecurityContextHolderFilter@31b827a6, org.springframework.security.web.header.HeaderWriterFilter@14d7a962, org.springframework.web.filter.CorsFilter@1027cdcd, org.springframework.security.web.authentication.logout.LogoutFilter@46c28400, com.project.chatfiabe.domain.user.security.JwtAuthorizationFilter@10007fdc, com.project.chatfiabe.domain.user.security.JwtAuthenticationFilter@75f579d2, org.springframework.security.web.savedrequest.RequestCacheAwareFilter@203b98cf, org.springframework.security.web.servletapi.SecurityContextHolderAwareRequestFilter@52bcd7c9, org.springframework.security.web.authentication.AnonymousAuthenticationFilter@37e0614e, org.springframework.security.web.session.SessionManagementFilter@106e6dfe, org.springframework.security.web.access.ExceptionTranslationFilter@66f88fd3, org.springframework.security.web.access.intercept.AuthorizationFilter@6a4c4261]
2024-05-27T20:22:19.075+09:00  INFO 20476 --- [Test worker] c.p.chatfiabe.ChatfiaBeApplicationTests  : Started ChatfiaBeApplicationTests in 4.006 seconds (process running for 4.998)
2024-05-27T20:22:19.585+09:00  INFO 20476 --- [SpringApplicationShutdownHook] j.LocalContainerEntityManagerFactoryBean : Closing JPA EntityManagerFactory for persistence unit 'default'
2024-05-27T20:22:19.586+09:00  INFO 20476 --- [SpringApplicationShutdownHook] com.zaxxer.hikari.HikariDataSource       : HikariPool-1 - Shutdown initiated...
2024-05-27T20:22:19.656+09:00  INFO 20476 --- [SpringApplicationShutdownHook] com.zaxxer.hikari.HikariDataSource       : HikariPool-1 - Shutdown completed.
