2024-05-29T17:11:41.127+09:00  INFO 46708 --- [main] c.p.chatfiabe.ChatfiaBeApplication       : Starting ChatfiaBeApplication using Java 17.0.9 with PID 46708 (/Users/hyun/Desktop/chatfia-be/build/classes/java/main started by hyun in /Users/hyun/Desktop/chatfia-be)
2024-05-29T17:11:41.130+09:00  INFO 46708 --- [main] c.p.chatfiabe.ChatfiaBeApplication       : No active profile set, falling back to 1 default profile: "default"
2024-05-29T17:11:41.752+09:00  INFO 46708 --- [main] .s.d.r.c.RepositoryConfigurationDelegate : Bootstrapping Spring Data JPA repositories in DEFAULT mode.
2024-05-29T17:11:41.821+09:00  INFO 46708 --- [main] .s.d.r.c.RepositoryConfigurationDelegate : Finished Spring Data repository scanning in 63 ms. Found 5 JPA repository interfaces.
2024-05-29T17:11:42.262+09:00  INFO 46708 --- [main] o.s.b.w.embedded.tomcat.TomcatWebServer  : Tomcat initialized with port 8080 (http)
2024-05-29T17:11:42.271+09:00  INFO 46708 --- [main] o.apache.catalina.core.StandardService   : Starting service [Tomcat]
2024-05-29T17:11:42.271+09:00  INFO 46708 --- [main] o.apache.catalina.core.StandardEngine    : Starting Servlet engine: [Apache Tomcat/10.1.19]
2024-05-29T17:11:42.316+09:00  INFO 46708 --- [main] o.a.c.c.C.[Tomcat].[localhost].[/]       : Initializing Spring embedded WebApplicationContext
2024-05-29T17:11:42.316+09:00  INFO 46708 --- [main] w.s.c.ServletWebServerApplicationContext : Root WebApplicationContext: initialization completed in 1145 ms
2024-05-29T17:11:42.437+09:00  INFO 46708 --- [main] o.hibernate.jpa.internal.util.LogHelper  : HHH000204: Processing PersistenceUnitInfo [name: default]
2024-05-29T17:11:42.504+09:00  INFO 46708 --- [main] org.hibernate.Version                    : HHH000412: Hibernate ORM core version 6.4.4.Final
2024-05-29T17:11:42.541+09:00  INFO 46708 --- [main] o.h.c.internal.RegionFactoryInitiator    : HHH000026: Second-level cache disabled
2024-05-29T17:11:42.779+09:00  INFO 46708 --- [main] o.s.o.j.p.SpringPersistenceUnitInfo      : No LoadTimeWeaver setup: ignoring JPA class transformer
2024-05-29T17:11:42.803+09:00  INFO 46708 --- [main] com.zaxxer.hikari.HikariDataSource       : HikariPool-1 - Starting...
2024-05-29T17:11:43.195+09:00  INFO 46708 --- [main] com.zaxxer.hikari.pool.HikariPool        : HikariPool-1 - Added connection com.mysql.cj.jdbc.ConnectionImpl@1224e1b6
2024-05-29T17:11:43.196+09:00  INFO 46708 --- [main] com.zaxxer.hikari.HikariDataSource       : HikariPool-1 - Start completed.
2024-05-29T17:11:44.111+09:00  INFO 46708 --- [main] o.h.e.t.j.p.i.JtaPlatformInitiator       : HHH000489: No JTA platform available (set 'hibernate.transaction.jta.platform' to enable JTA platform integration)
2024-05-29T17:11:44.270+09:00  INFO 46708 --- [main] j.LocalContainerEntityManagerFactoryBean : Initialized JPA EntityManagerFactory for persistence unit 'default'
2024-05-29T17:11:44.697+09:00  WARN 46708 --- [main] JpaBaseConfiguration$JpaWebConfiguration : spring.jpa.open-in-view is enabled by default. Therefore, database queries may be performed during view rendering. Explicitly configure spring.jpa.open-in-view to disable this warning
2024-05-29T17:11:44.891+09:00  INFO 46708 --- [main] o.s.s.web.DefaultSecurityFilterChain     : Will secure any request with [org.springframework.security.web.session.DisableEncodeUrlFilter@13e6ab86, org.springframework.security.web.context.request.async.WebAsyncManagerIntegrationFilter@4f5d7091, org.springframework.security.web.context.SecurityContextHolderFilter@75a5a912, org.springframework.security.web.header.HeaderWriterFilter@36618b3b, org.springframework.web.filter.CorsFilter@18b88f7, org.springframework.security.web.authentication.logout.LogoutFilter@3ede428e, com.project.chatfiabe.domain.user.security.JwtAuthorizationFilter@238d27ef, com.project.chatfiabe.domain.user.security.JwtAuthenticationFilter@427c2c96, org.springframework.security.web.savedrequest.RequestCacheAwareFilter@1b9cfc19, org.springframework.security.web.servletapi.SecurityContextHolderAwareRequestFilter@765d67dd, org.springframework.security.web.authentication.AnonymousAuthenticationFilter@128ebca1, org.springframework.security.web.session.SessionManagementFilter@3763aafd, org.springframework.security.web.access.ExceptionTranslationFilter@4fc1eee5, org.springframework.security.web.access.intercept.AuthorizationFilter@54d116d5]
2024-05-29T17:11:45.069+09:00  INFO 46708 --- [main] o.s.b.w.embedded.tomcat.TomcatWebServer  : Tomcat started on port 8080 (http) with context path ''
2024-05-29T17:11:45.077+09:00  INFO 46708 --- [main] c.p.chatfiabe.ChatfiaBeApplication       : Started ChatfiaBeApplication in 4.388 seconds (process running for 4.919)
2024-05-29T17:12:24.956+09:00  INFO 46708 --- [SpringApplicationShutdownHook] j.LocalContainerEntityManagerFactoryBean : Closing JPA EntityManagerFactory for persistence unit 'default'
2024-05-29T17:12:24.959+09:00  INFO 46708 --- [SpringApplicationShutdownHook] com.zaxxer.hikari.HikariDataSource       : HikariPool-1 - Shutdown initiated...
2024-05-29T17:12:25.193+09:00  INFO 46708 --- [SpringApplicationShutdownHook] com.zaxxer.hikari.HikariDataSource       : HikariPool-1 - Shutdown completed.
